<?xml version="1.0" encoding="utf-8"?><testsuites name="pytest tests"><testsuite name="pytest" errors="0" failures="0" skipped="0" tests="15" time="2.764" timestamp="2026-06-12T19:33:43.086446+00:00" hostname="agent-env-0d61bb50-649e-4d2c-8012-872c17541e81"><testcase classname="backend.tests.test_dotlink_api.TestDifficulties" name="test_list_difficulties" time="0.818" /><testcase classname="backend.tests.test_dotlink_api.TestDifficulties" name="test_levels_for_lumina" time="0.233" /><testcase classname="backend.tests.test_dotlink_api.TestDifficulties" name="test_level_no_solution" time="0.026" /><testcase classname="backend.tests.test_dotlink_api.TestDifficulties" name="test_level_with_solution" time="0.025" /><testcase classname="backend.tests.test_dotlink_api.TestDifficulties" name="test_invalid_difficulty" time="0.025" /><testcase classname="backend.tests.test_dotlink_api.TestDifficulties" name="test_invalid_level_index" time="0.024" /><testcase classname="backend.tests.test_dotlink_api.TestProfile" name="test_init_creates_with_250_coins" time="0.051" /><testcase classname="backend.tests.test_dotlink_api.TestProfile" name="test_get_profile" time="0.033" /><testcase classname="backend.tests.test_dotlink_api.TestProfile" name="test_sync_merges" time="0.054" /><testcase classname="backend.tests.test_dotlink_api.TestAds" name="test_reward_adds_coins" time="0.129" /><testcase classname="backend.tests.test_dotlink_api.TestAds" name="test_reward_invalid_amount" time="0.022" /><testcase classname="backend.tests.test_dotlink_api.TestShop" name="test_list_packs" time="0.022" /><testcase classname="backend.tests.test_dotlink_api.TestShop" name="test_checkout_create_returns_url" time="1.175" /><testcase classname="backend.tests.test_dotlink_api.TestShop" name="test_checkout_invalid_pack" time="0.020" /><testcase classname="backend.tests.test_dotlink_api.TestShop" name="test_checkout_status_404" time="0.025" /></testsuite></testsuites>